<?xml version="1.0" encoding="UTF-8"?>
<testsuite name="test.test_cells_ranges_api.TestCellsRangesApi-20210519020521" tests="12" file="test/test_cells_ranges_api.py" time="10.567" timestamp="2021-05-19T02:07:40" failures="0" errors="0" skipped="0">
	<testcase classname="test.test_cells_ranges_api.TestCellsRangesApi" name="test_cells_ranges_delete_worksheet_cells_range" time="1.086" timestamp="2021-05-19T02:07:30" file="test\test_cells_ranges_api.py" line="264">
		<!--
        Test case for cells_ranges_delete_worksheet_cells_range

        copy range in the worksheet
        -->
	</testcase>
	<testcase classname="test.test_cells_ranges_api.TestCellsRangesApi" name="test_cells_ranges_get_worksheet_cells_range_value" time="0.719" timestamp="2021-05-19T02:07:31" file="test\test_cells_ranges_api.py" line="50">
		<!--
        Test case for cells_ranges_get_worksheet_cells_range_value

        Get cells list in a range by range name or row column indexes  
        -->
	</testcase>
	<testcase classname="test.test_cells_ranges_api.TestCellsRangesApi" name="test_cells_ranges_post_worksheet_cells_range_column_width" time="0.920" timestamp="2021-05-19T02:07:32" file="test\test_cells_ranges_api.py" line="77">
		<!--
        Test case for cells_ranges_post_worksheet_cells_range_column_width

        Set column width of range
        -->
	</testcase>
	<testcase classname="test.test_cells_ranges_api.TestCellsRangesApi" name="test_cells_ranges_post_worksheet_cells_range_merge" time="0.954" timestamp="2021-05-19T02:07:33" file="test\test_cells_ranges_api.py" line="94">
		<!--
        Test case for cells_ranges_post_worksheet_cells_range_merge

        Combines a range of cells into a single cell.              
        -->
	</testcase>
	<testcase classname="test.test_cells_ranges_api.TestCellsRangesApi" name="test_cells_ranges_post_worksheet_cells_range_move_to" time="0.936" timestamp="2021-05-19T02:07:34" file="test\test_cells_ranges_api.py" line="110">
		<!--
        Test case for cells_ranges_post_worksheet_cells_range_move_to

        Move the current range to the dest range.             
        -->
	</testcase>
	<testcase classname="test.test_cells_ranges_api.TestCellsRangesApi" name="test_cells_ranges_post_worksheet_cells_range_outline_border" time="0.832" timestamp="2021-05-19T02:07:35" file="test\test_cells_ranges_api.py" line="128">
		<!--
        Test case for cells_ranges_post_worksheet_cells_range_outline_border

        Sets outline border around a range of cells.
        -->
	</testcase>
	<testcase classname="test.test_cells_ranges_api.TestCellsRangesApi" name="test_cells_ranges_post_worksheet_cells_range_row_height" time="0.819" timestamp="2021-05-19T02:07:36" file="test\test_cells_ranges_api.py" line="150">
		<!--
        Test case for cells_ranges_post_worksheet_cells_range_row_height

        set row height of range
        -->
	</testcase>
	<testcase classname="test.test_cells_ranges_api.TestCellsRangesApi" name="test_cells_ranges_post_worksheet_cells_range_style" time="1.007" timestamp="2021-05-19T02:07:37" file="test\test_cells_ranges_api.py" line="167">
		<!--
        Test case for cells_ranges_post_worksheet_cells_range_style

        Sets the style of the range.             
        -->
	</testcase>
	<testcase classname="test.test_cells_ranges_api.TestCellsRangesApi" name="test_cells_ranges_post_worksheet_cells_range_unmerge" time="1.014" timestamp="2021-05-19T02:07:38" file="test\test_cells_ranges_api.py" line="190">
		<!--
        Test case for cells_ranges_post_worksheet_cells_range_unmerge

        Unmerges merged cells of this range.             
        -->
	</testcase>
	<testcase classname="test.test_cells_ranges_api.TestCellsRangesApi" name="test_cells_ranges_post_worksheet_cells_range_value" time="0.768" timestamp="2021-05-19T02:07:38" file="test\test_cells_ranges_api.py" line="206">
		<!--
        Test case for cells_ranges_post_worksheet_cells_range_value

        Puts a value into the range, if appropriate the value will be converted to other data type and cell's number format will be reset.             
        -->
	</testcase>
	<testcase classname="test.test_cells_ranges_api.TestCellsRangesApi" name="test_cells_ranges_post_worksheet_cells_ranges" time="0.776" timestamp="2021-05-19T02:07:39" file="test\test_cells_ranges_api.py" line="225">
		<!--
        Test case for cells_ranges_post_worksheet_cells_ranges

        copy range in the worksheet
        -->
	</testcase>
	<testcase classname="test.test_cells_ranges_api.TestCellsRangesApi" name="test_cells_ranges_put_worksheet_cells_range" time="0.737" timestamp="2021-05-19T02:07:40" file="test\test_cells_ranges_api.py" line="248">
		<!--
        Test case for cells_ranges_put_worksheet_cells_range

        copy range in the worksheet
        -->
	</testcase>
</testsuite>
