<?xml version="1.0" encoding="UTF-8"?>
<testsuite name="test.test_cells_chart_area_api.TestCellsChartAreaApi-20210519020521" tests="3" file="test/test_cells_chart_area_api.py" time="1.850" timestamp="2021-05-19T02:06:12" failures="0" errors="0" skipped="0">
	<testcase classname="test.test_cells_chart_area_api.TestCellsChartAreaApi" name="test_cells_chart_area_get_chart_area" time="0.817" timestamp="2021-05-19T02:06:11" file="test\test_cells_chart_area_api.py" line="42">
		<!--
        Test case for cells_chart_area_get_chart_area

        Get chart area info.
        -->
	</testcase>
	<testcase classname="test.test_cells_chart_area_api.TestCellsChartAreaApi" name="test_cells_chart_area_get_chart_area_border" time="0.517" timestamp="2021-05-19T02:06:11" file="test\test_cells_chart_area_api.py" line="58">
		<!--
        Test case for cells_chart_area_get_chart_area_border

        Get chart area border info.
        -->
	</testcase>
	<testcase classname="test.test_cells_chart_area_api.TestCellsChartAreaApi" name="test_cells_chart_area_get_chart_area_fill_format" time="0.516" timestamp="2021-05-19T02:06:12" file="test\test_cells_chart_area_api.py" line="74">
		<!--
        Test case for cells_chart_area_get_chart_area_fill_format

        Get chart area fill format info.
        -->
	</testcase>
</testsuite>
