<?xml version="1.0" encoding="UTF-8"?>
<testsuite name="test.test_cells_api.TestCellsApi-20210519020521" tests="39" file="test/test_cells_api.py" time="35.925" timestamp="2021-05-19T02:05:57" failures="0" errors="0" skipped="0">
	<testcase classname="test.test_cells_api.TestCellsApi" name="test_cells_delete_worksheet_columns" time="1.982" timestamp="2021-05-19T02:05:23" file="test\test_cells_api.py" line="34">
		<!--
        Test case for cells_delete_worksheet_columns

        Delete worksheet columns.
        -->
	</testcase>
	<testcase classname="test.test_cells_api.TestCellsApi" name="test_cells_delete_worksheet_row" time="0.914" timestamp="2021-05-19T02:05:24" file="test\test_cells_api.py" line="52">
		<!--
        Test case for cells_delete_worksheet_row

        Delete worksheet row.
        -->
	</testcase>
	<testcase classname="test.test_cells_api.TestCellsApi" name="test_cells_delete_worksheet_rows" time="0.781" timestamp="2021-05-19T02:05:25" file="test\test_cells_api.py" line="69">
		<!--
        Test case for cells_delete_worksheet_rows

        Delete several worksheet rows.
        -->
	</testcase>
	<testcase classname="test.test_cells_api.TestCellsApi" name="test_cells_get_cell_html_string" time="0.379" timestamp="2021-05-19T02:05:25" file="test\test_cells_api.py" line="468">
		<!--
        Test case for cells_get_cell_html_string

        Set htmlstring value into cell
        -->
	</testcase>
	<testcase classname="test.test_cells_api.TestCellsApi" name="test_cells_get_worksheet_cell" time="0.602" timestamp="2021-05-19T02:05:26" file="test\test_cells_api.py" line="88">
		<!--
        Test case for cells_get_worksheet_cell

        Read cell data by cell's name.
        -->
	</testcase>
	<testcase classname="test.test_cells_api.TestCellsApi" name="test_cells_get_worksheet_cell_style" time="0.329" timestamp="2021-05-19T02:05:26" file="test\test_cells_api.py" line="105">
		<!--
        Test case for cells_get_worksheet_cell_style

        Read cell's style info.
        -->
	</testcase>
	<testcase classname="test.test_cells_api.TestCellsApi" name="test_cells_get_worksheet_cells" time="0.329" timestamp="2021-05-19T02:05:27" file="test\test_cells_api.py" line="122">
		<!--
        Test case for cells_get_worksheet_cells

        Get cells info.
        -->
	</testcase>
	<testcase classname="test.test_cells_api.TestCellsApi" name="test_cells_get_worksheet_column" time="0.408" timestamp="2021-05-19T02:05:27" file="test\test_cells_api.py" line="140">
		<!--
        Test case for cells_get_worksheet_column

        Read worksheet column data by column's index.
        -->
	</testcase>
	<testcase classname="test.test_cells_api.TestCellsApi" name="test_cells_get_worksheet_columns" time="0.375" timestamp="2021-05-19T02:05:27" file="test\test_cells_api.py" line="157">
		<!--
        Test case for cells_get_worksheet_columns

        Read worksheet columns info.
        -->
	</testcase>
	<testcase classname="test.test_cells_api.TestCellsApi" name="test_cells_get_worksheet_row" time="0.345" timestamp="2021-05-19T02:05:28" file="test\test_cells_api.py" line="173">
		<!--
        Test case for cells_get_worksheet_row

        Read worksheet row data by row's index.
        -->
	</testcase>
	<testcase classname="test.test_cells_api.TestCellsApi" name="test_cells_get_worksheet_rows" time="0.332" timestamp="2021-05-19T02:05:28" file="test\test_cells_api.py" line="190">
		<!--
        Test case for cells_get_worksheet_rows

        Read worksheet rows info.
        -->
	</testcase>
	<testcase classname="test.test_cells_api.TestCellsApi" name="test_cells_post_cell_calculate" time="0.831" timestamp="2021-05-19T02:05:29" file="test\test_cells_api.py" line="206">
		<!--
        Test case for cells_post_cell_calculate

        Cell calculate formula
        -->
	</testcase>
	<testcase classname="test.test_cells_api.TestCellsApi" name="test_cells_post_clear_contents" time="0.804" timestamp="2021-05-19T02:05:30" file="test\test_cells_api.py" line="247">
		<!--
        Test case for cells_post_clear_contents

        Clear cells contents.
        -->
	</testcase>
	<testcase classname="test.test_cells_api.TestCellsApi" name="test_cells_post_clear_formats" time="0.830" timestamp="2021-05-19T02:05:31" file="test\test_cells_api.py" line="268">
		<!--
        Test case for cells_post_clear_formats

        Clear cells contents.
        -->
	</testcase>
	<testcase classname="test.test_cells_api.TestCellsApi" name="test_cells_post_column_style" time="0.814" timestamp="2021-05-19T02:05:31" file="test\test_cells_api.py" line="289">
		<!--
        Test case for cells_post_column_style

        Set column style
        -->
	</testcase>
	<testcase classname="test.test_cells_api.TestCellsApi" name="test_cells_post_copy_cell_into_cell" time="0.812" timestamp="2021-05-19T02:05:32" file="test\test_cells_api.py" line="311">
		<!--
        Test case for cells_post_copy_cell_into_cell

        Copy cell into cell
        -->
	</testcase>
	<testcase classname="test.test_cells_api.TestCellsApi" name="test_cells_post_copy_worksheet_columns" time="0.795" timestamp="2021-05-19T02:05:33" file="test\test_cells_api.py" line="332">
		<!--
        Test case for cells_post_copy_worksheet_columns

        Copy worksheet columns.
        -->
	</testcase>
	<testcase classname="test.test_cells_api.TestCellsApi" name="test_cells_post_copy_worksheet_rows" time="0.835" timestamp="2021-05-19T02:05:34" file="test\test_cells_api.py" line="352">
		<!--
        Test case for cells_post_copy_worksheet_rows

        Copy worksheet rows.
        -->
	</testcase>
	<testcase classname="test.test_cells_api.TestCellsApi" name="test_cells_post_group_worksheet_columns" time="0.801" timestamp="2021-05-19T02:05:35" file="test\test_cells_api.py" line="372">
		<!--
        Test case for cells_post_group_worksheet_columns

        Group worksheet columns.
        -->
	</testcase>
	<testcase classname="test.test_cells_api.TestCellsApi" name="test_cells_post_group_worksheet_rows" time="0.842" timestamp="2021-05-19T02:05:35" file="test\test_cells_api.py" line="391">
		<!--
        Test case for cells_post_group_worksheet_rows

        Group worksheet rows.
        -->
	</testcase>
	<testcase classname="test.test_cells_api.TestCellsApi" name="test_cells_post_hide_worksheet_columns" time="0.895" timestamp="2021-05-19T02:05:36" file="test\test_cells_api.py" line="410">
		<!--
        Test case for cells_post_hide_worksheet_columns

        Hide worksheet columns.
        -->
	</testcase>
	<testcase classname="test.test_cells_api.TestCellsApi" name="test_cells_post_hide_worksheet_rows" time="1.029" timestamp="2021-05-19T02:05:37" file="test\test_cells_api.py" line="428">
		<!--
        Test case for cells_post_hide_worksheet_rows

        Hide worksheet rows.
        -->
	</testcase>
	<testcase classname="test.test_cells_api.TestCellsApi" name="test_cells_post_row_style" time="1.006" timestamp="2021-05-19T02:05:38" file="test\test_cells_api.py" line="446">
		<!--
        Test case for cells_post_row_style

        Set row style.
        -->
	</testcase>
	<testcase classname="test.test_cells_api.TestCellsApi" name="test_cells_post_set_cell_html_string" time="0.832" timestamp="2021-05-19T02:05:39" file="test\test_cells_api.py" line="485">
		<!--
        Test case for cells_post_set_cell_html_string

        Set htmlstring value into cell
        -->
	</testcase>
	<testcase classname="test.test_cells_api.TestCellsApi" name="test_cells_post_set_cell_range_value" time="1.006" timestamp="2021-05-19T02:05:40" file="test\test_cells_api.py" line="503">
		<!--
        Test case for cells_post_set_cell_range_value

        Set cell range value 
        -->
	</testcase>
	<testcase classname="test.test_cells_api.TestCellsApi" name="test_cells_post_set_worksheet_column_width" time="0.800" timestamp="2021-05-19T02:05:41" file="test\test_cells_api.py" line="522">
		<!--
        Test case for cells_post_set_worksheet_column_width

        Set worksheet column width.
        -->
	</testcase>
	<testcase classname="test.test_cells_api.TestCellsApi" name="test_cells_post_ungroup_worksheet_columns" time="0.909" timestamp="2021-05-19T02:05:42" file="test\test_cells_api.py" line="540">
		<!--
        Test case for cells_post_ungroup_worksheet_columns

        Ungroup worksheet columns.
        -->
	</testcase>
	<testcase classname="test.test_cells_api.TestCellsApi" name="test_cells_post_ungroup_worksheet_rows" time="0.816" timestamp="2021-05-19T02:05:43" file="test\test_cells_api.py" line="558">
		<!--
        Test case for cells_post_ungroup_worksheet_rows

        Ungroup worksheet rows.
        -->
	</testcase>
	<testcase classname="test.test_cells_api.TestCellsApi" name="test_cells_post_unhide_worksheet_columns" time="0.828" timestamp="2021-05-19T02:05:44" file="test\test_cells_api.py" line="577">
		<!--
        Test case for cells_post_unhide_worksheet_columns

        Unhide worksheet columns.
        -->
	</testcase>
	<testcase classname="test.test_cells_api.TestCellsApi" name="test_cells_post_unhide_worksheet_rows" time="0.761" timestamp="2021-05-19T02:05:44" file="test\test_cells_api.py" line="596">
		<!--
        Test case for cells_post_unhide_worksheet_rows

        Unhide worksheet rows.
        -->
	</testcase>
	<testcase classname="test.test_cells_api.TestCellsApi" name="test_cells_post_update_worksheet_cell_style" time="0.819" timestamp="2021-05-19T02:05:45" file="test\test_cells_api.py" line="615">
		<!--
        Test case for cells_post_update_worksheet_cell_style

        Update cell's style.
        -->
	</testcase>
	<testcase classname="test.test_cells_api.TestCellsApi" name="test_cells_post_update_worksheet_range_style" time="0.794" timestamp="2021-05-19T02:05:46" file="test\test_cells_api.py" line="637">
		<!--
        Test case for cells_post_update_worksheet_range_style

        Update cell's range style.
        -->
	</testcase>
	<testcase classname="test.test_cells_api.TestCellsApi" name="test_cells_post_update_worksheet_row" time="0.788" timestamp="2021-05-19T02:05:47" file="test\test_cells_api.py" line="659">
		<!--
        Test case for cells_post_update_worksheet_row

        Update worksheet row.
        -->
	</testcase>
	<testcase classname="test.test_cells_api.TestCellsApi" name="test_cells_post_worksheet_cell_set_value" time="2.036" timestamp="2021-05-19T02:05:49" file="test\test_cells_api.py" line="677">
		<!--
        Test case for cells_post_worksheet_cell_set_value

        Set cell value.
        -->
	</testcase>
	<testcase classname="test.test_cells_api.TestCellsApi" name="test_cells_post_worksheet_merge" time="0.814" timestamp="2021-05-19T02:05:50" file="test\test_cells_api.py" line="696">
		<!--
        Test case for cells_post_worksheet_merge

        Merge cells.
        -->
	</testcase>
	<testcase classname="test.test_cells_api.TestCellsApi" name="test_cells_post_worksheet_unmerge" time="0.830" timestamp="2021-05-19T02:05:50" file="test\test_cells_api.py" line="716">
		<!--
        Test case for cells_post_worksheet_unmerge

        Unmerge cells.
        -->
	</testcase>
	<testcase classname="test.test_cells_api.TestCellsApi" name="test_cells_put_insert_worksheet_columns" time="4.157" timestamp="2021-05-19T02:05:55" file="test\test_cells_api.py" line="735">
		<!--
        Test case for cells_put_insert_worksheet_columns

        Insert worksheet columns.
        -->
	</testcase>
	<testcase classname="test.test_cells_api.TestCellsApi" name="test_cells_put_insert_worksheet_row" time="1.443" timestamp="2021-05-19T02:05:56" file="test\test_cells_api.py" line="753">
		<!--
        Test case for cells_put_insert_worksheet_row

        Insert new worksheet row.
        -->
	</testcase>
	<testcase classname="test.test_cells_api.TestCellsApi" name="test_cells_put_insert_worksheet_rows" time="1.226" timestamp="2021-05-19T02:05:57" file="test\test_cells_api.py" line="769">
		<!--
        Test case for cells_put_insert_worksheet_rows

        Insert several new worksheet rows.
        -->
	</testcase>
</testsuite>
