<?xml version="1.0" encoding="UTF-8"?>
<testsuite name="test.test_cells_list_objects_api.TestCellsListObjectsApi-20210519020521" tests="9" file="test/test_cells_list_objects_api.py" time="7.397" timestamp="2021-05-19T02:06:47" failures="0" errors="0" skipped="0">
	<testcase classname="test.test_cells_list_objects_api.TestCellsListObjectsApi" name="test_cells_list_objects_delete_worksheet_list_object" time="1.144" timestamp="2021-05-19T02:06:41" file="test\test_cells_list_objects_api.py" line="44">
		<!--
        Test case for cells_list_objects_delete_worksheet_list_object

        Delete worksheet list object by index
        -->
	</testcase>
	<testcase classname="test.test_cells_list_objects_api.TestCellsListObjectsApi" name="test_cells_list_objects_delete_worksheet_list_objects" time="0.990" timestamp="2021-05-19T02:06:42" file="test\test_cells_list_objects_api.py" line="60">
		<!--
        Test case for cells_list_objects_delete_worksheet_list_objects

        Delete worksheet list objects
        -->
	</testcase>
	<testcase classname="test.test_cells_list_objects_api.TestCellsListObjectsApi" name="test_cells_list_objects_get_worksheet_list_object" time="0.440" timestamp="2021-05-19T02:06:43" file="test\test_cells_list_objects_api.py" line="76">
		<!--
        Test case for cells_list_objects_get_worksheet_list_object

        Get worksheet list object info by index.
        -->
	</testcase>
	<testcase classname="test.test_cells_list_objects_api.TestCellsListObjectsApi" name="test_cells_list_objects_get_worksheet_list_objects" time="0.428" timestamp="2021-05-19T02:06:43" file="test\test_cells_list_objects_api.py" line="92">
		<!--
        Test case for cells_list_objects_get_worksheet_list_objects

        Get worksheet listobjects info.
        -->
	</testcase>
	<testcase classname="test.test_cells_list_objects_api.TestCellsListObjectsApi" name="test_cells_list_objects_post_worksheet_list_object" time="1.049" timestamp="2021-05-19T02:06:44" file="test\test_cells_list_objects_api.py" line="108">
		<!--
        Test case for cells_list_objects_post_worksheet_list_object

        Update  list object 
        -->
	</testcase>
	<testcase classname="test.test_cells_list_objects_api.TestCellsListObjectsApi" name="test_cells_list_objects_post_worksheet_list_object_convert_to_range" time="0.899" timestamp="2021-05-19T02:06:45" file="test\test_cells_list_objects_api.py" line="126">
		<!--
        Test case for cells_list_objects_post_worksheet_list_object_convert_to_range

        
        -->
	</testcase>
	<testcase classname="test.test_cells_list_objects_api.TestCellsListObjectsApi" name="test_cells_list_objects_post_worksheet_list_object_sort_table" time="0.782" timestamp="2021-05-19T02:06:46" file="test\test_cells_list_objects_api.py" line="142">
		<!--
        Test case for cells_list_objects_post_worksheet_list_object_sort_table

        
        -->
	</testcase>
	<testcase classname="test.test_cells_list_objects_api.TestCellsListObjectsApi" name="test_cells_list_objects_post_worksheet_list_object_summarize_with_pivot_table" time="0.795" timestamp="2021-05-19T02:06:47" file="test\test_cells_list_objects_api.py" line="160">
		<!--
        Test case for cells_list_objects_post_worksheet_list_object_summarize_with_pivot_table

        
        -->
	</testcase>
	<testcase classname="test.test_cells_list_objects_api.TestCellsListObjectsApi" name="test_cells_list_objects_put_worksheet_list_object" time="0.871" timestamp="2021-05-19T02:06:47" file="test\test_cells_list_objects_api.py" line="184">
		<!--
        Test case for cells_list_objects_put_worksheet_list_object

        Add a list object into worksheet.
        -->
	</testcase>
</testsuite>
