<?xml version="1.0" encoding="UTF-8"?>
<testsuite name="test.test_cells_properties_api.TestCellsPropertiesApi-20210519020521" tests="5" file="test/test_cells_properties_api.py" time="3.640" timestamp="2021-05-19T02:07:29" failures="0" errors="0" skipped="0">
	<testcase classname="test.test_cells_properties_api.TestCellsPropertiesApi" name="test_cells_properties_delete_document_properties" time="1.132" timestamp="2021-05-19T02:07:27" file="test\test_cells_properties_api.py" line="43">
		<!--
        Test case for cells_properties_delete_document_properties

        Delete all custom document properties and clean built-in ones.
        -->
	</testcase>
	<testcase classname="test.test_cells_properties_api.TestCellsPropertiesApi" name="test_cells_properties_delete_document_property" time="0.768" timestamp="2021-05-19T02:07:28" file="test\test_cells_properties_api.py" line="57">
		<!--
        Test case for cells_properties_delete_document_property

        Delete document property.
        -->
	</testcase>
	<testcase classname="test.test_cells_properties_api.TestCellsPropertiesApi" name="test_cells_properties_get_document_properties" time="0.406" timestamp="2021-05-19T02:07:28" file="test\test_cells_properties_api.py" line="72">
		<!--
        Test case for cells_properties_get_document_properties

        Read document properties.
        -->
	</testcase>
	<testcase classname="test.test_cells_properties_api.TestCellsPropertiesApi" name="test_cells_properties_get_document_property" time="0.393" timestamp="2021-05-19T02:07:28" file="test\test_cells_properties_api.py" line="86">
		<!--
        Test case for cells_properties_get_document_property

        Read document property by name.
        -->
	</testcase>
	<testcase classname="test.test_cells_properties_api.TestCellsPropertiesApi" name="test_cells_properties_put_document_property" time="0.942" timestamp="2021-05-19T02:07:29" file="test\test_cells_properties_api.py" line="101">
		<!--
        Test case for cells_properties_put_document_property

        Set/create document property.
        -->
	</testcase>
</testsuite>
