<?xml version="1.0" encoding="UTF-8"?>
<testsuite name="test.test_cells_conditional_formattings_api.TestCellsConditionalFormattingsApi-20210519020521" tests="9" file="test/test_cells_conditional_formattings_api.py" time="8.367" timestamp="2021-05-19T02:06:35" failures="0" errors="0" skipped="0">
	<testcase classname="test.test_cells_conditional_formattings_api.TestCellsConditionalFormattingsApi" name="test_cells_conditional_formattings_delete_worksheet_conditional_formatting" time="1.146" timestamp="2021-05-19T02:06:28" file="test\test_cells_conditional_formattings_api.py" line="42">
		<!--
        Test case for cells_conditional_formattings_delete_worksheet_conditional_formatting

        Remove conditional formatting
        -->
	</testcase>
	<testcase classname="test.test_cells_conditional_formattings_api.TestCellsConditionalFormattingsApi" name="test_cells_conditional_formattings_delete_worksheet_conditional_formatting_area" time="1.022" timestamp="2021-05-19T02:06:29" file="test\test_cells_conditional_formattings_api.py" line="58">
		<!--
        Test case for cells_conditional_formattings_delete_worksheet_conditional_formatting_area

        Remove cell area from conditional formatting.
        -->
	</testcase>
	<testcase classname="test.test_cells_conditional_formattings_api.TestCellsConditionalFormattingsApi" name="test_cells_conditional_formattings_delete_worksheet_conditional_formattings" time="1.063" timestamp="2021-05-19T02:06:30" file="test\test_cells_conditional_formattings_api.py" line="77">
		<!--
        Test case for cells_conditional_formattings_delete_worksheet_conditional_formattings

        Clear all condition formattings
        -->
	</testcase>
	<testcase classname="test.test_cells_conditional_formattings_api.TestCellsConditionalFormattingsApi" name="test_cells_conditional_formattings_get_worksheet_conditional_formatting" time="0.409" timestamp="2021-05-19T02:06:31" file="test\test_cells_conditional_formattings_api.py" line="92">
		<!--
        Test case for cells_conditional_formattings_get_worksheet_conditional_formatting

        Get conditional formatting
        -->
	</testcase>
	<testcase classname="test.test_cells_conditional_formattings_api.TestCellsConditionalFormattingsApi" name="test_cells_conditional_formattings_get_worksheet_conditional_formattings" time="0.428" timestamp="2021-05-19T02:06:31" file="test\test_cells_conditional_formattings_api.py" line="108">
		<!--
        Test case for cells_conditional_formattings_get_worksheet_conditional_formattings

        Get conditional formattings 
        -->
	</testcase>
	<testcase classname="test.test_cells_conditional_formattings_api.TestCellsConditionalFormattingsApi" name="test_cells_conditional_formattings_put_worksheet_conditional_formatting" time="1.029" timestamp="2021-05-19T02:06:32" file="test\test_cells_conditional_formattings_api.py" line="124">
		<!--
        Test case for cells_conditional_formattings_put_worksheet_conditional_formatting

        Add a condition formatting.
        -->
	</testcase>
	<testcase classname="test.test_cells_conditional_formattings_api.TestCellsConditionalFormattingsApi" name="test_cells_conditional_formattings_put_worksheet_format_condition" time="0.953" timestamp="2021-05-19T02:06:33" file="test\test_cells_conditional_formattings_api.py" line="145">
		<!--
        Test case for cells_conditional_formattings_put_worksheet_format_condition

        Add a format condition.
        -->
	</testcase>
	<testcase classname="test.test_cells_conditional_formattings_api.TestCellsConditionalFormattingsApi" name="test_cells_conditional_formattings_put_worksheet_format_condition_area" time="1.472" timestamp="2021-05-19T02:06:34" file="test\test_cells_conditional_formattings_api.py" line="166">
		<!--
        Test case for cells_conditional_formattings_put_worksheet_format_condition_area

        add a cell area for format condition             
        -->
	</testcase>
	<testcase classname="test.test_cells_conditional_formattings_api.TestCellsConditionalFormattingsApi" name="test_cells_conditional_formattings_put_worksheet_format_condition_condition" time="0.847" timestamp="2021-05-19T02:06:35" file="test\test_cells_conditional_formattings_api.py" line="183">
		<!--
        Test case for cells_conditional_formattings_put_worksheet_format_condition_condition

        Add a condition for format condition.
        -->
	</testcase>
</testsuite>
