<?xml version="1.0" encoding="UTF-8"?>
<testsuite name="test.test_cells_page_setup_api.TestCellsPageSetupApi-20210519020521" tests="7" file="test/test_cells_page_setup_api.py" time="4.587" timestamp="2021-05-19T02:07:06" failures="0" errors="0" skipped="0">
	<testcase classname="test.test_cells_page_setup_api.TestCellsPageSetupApi" name="test_cells_page_setup_delete_header_footer" time="0.955" timestamp="2021-05-19T02:07:02" file="test\test_cells_page_setup_api.py" line="43">
		<!--
        Test case for cells_page_setup_delete_header_footer

        clear header footer
        -->
	</testcase>
	<testcase classname="test.test_cells_page_setup_api.TestCellsPageSetupApi" name="test_cells_page_setup_get_footer" time="0.361" timestamp="2021-05-19T02:07:03" file="test\test_cells_page_setup_api.py" line="59">
		<!--
        Test case for cells_page_setup_get_footer

        get page footer information
        -->
	</testcase>
	<testcase classname="test.test_cells_page_setup_api.TestCellsPageSetupApi" name="test_cells_page_setup_get_header" time="0.344" timestamp="2021-05-19T02:07:03" file="test\test_cells_page_setup_api.py" line="75">
		<!--
        Test case for cells_page_setup_get_header

        get page header information
        -->
	</testcase>
	<testcase classname="test.test_cells_page_setup_api.TestCellsPageSetupApi" name="test_cells_page_setup_get_page_setup" time="0.345" timestamp="2021-05-19T02:07:03" file="test\test_cells_page_setup_api.py" line="91">
		<!--
        Test case for cells_page_setup_get_page_setup

        Get Page Setup information.             
        -->
	</testcase>
	<testcase classname="test.test_cells_page_setup_api.TestCellsPageSetupApi" name="test_cells_page_setup_post_footer" time="0.781" timestamp="2021-05-19T02:07:04" file="test\test_cells_page_setup_api.py" line="107">
		<!--
        Test case for cells_page_setup_post_footer

        update  page footer information 
        -->
	</testcase>
	<testcase classname="test.test_cells_page_setup_api.TestCellsPageSetupApi" name="test_cells_page_setup_post_header" time="0.960" timestamp="2021-05-19T02:07:05" file="test\test_cells_page_setup_api.py" line="125">
		<!--
        Test case for cells_page_setup_post_header

        update  page header information 
        -->
	</testcase>
	<testcase classname="test.test_cells_page_setup_api.TestCellsPageSetupApi" name="test_cells_page_setup_post_page_setup" time="0.841" timestamp="2021-05-19T02:07:06" file="test\test_cells_page_setup_api.py" line="143">
		<!--
        Test case for cells_page_setup_post_page_setup

        Update Page Setup information.
        -->
	</testcase>
</testsuite>
