<?xml version="1.0" encoding="UTF-8"?>
<testsuite name="test.test_cells_charts_api.TestCellsChartsApi-20210519020521" tests="14" file="test/test_cells_charts_api.py" time="15.213" timestamp="2021-05-19T02:06:27" failures="0" errors="0" skipped="0">
	<testcase classname="test.test_cells_charts_api.TestCellsChartsApi" name="test_cells_charts_delete_worksheet_chart_legend" time="1.499" timestamp="2021-05-19T02:06:13" file="test\test_cells_charts_api.py" line="45">
		<!--
        Test case for cells_charts_delete_worksheet_chart_legend

        Hide legend in chart
        -->
	</testcase>
	<testcase classname="test.test_cells_charts_api.TestCellsChartsApi" name="test_cells_charts_delete_worksheet_chart_title" time="1.637" timestamp="2021-05-19T02:06:15" file="test\test_cells_charts_api.py" line="61">
		<!--
        Test case for cells_charts_delete_worksheet_chart_title

        Hide title in chart
        -->
	</testcase>
	<testcase classname="test.test_cells_charts_api.TestCellsChartsApi" name="test_cells_charts_delete_worksheet_clear_charts" time="1.288" timestamp="2021-05-19T02:06:16" file="test\test_cells_charts_api.py" line="77">
		<!--
        Test case for cells_charts_delete_worksheet_clear_charts

        Clear the charts.
        -->
	</testcase>
	<testcase classname="test.test_cells_charts_api.TestCellsChartsApi" name="test_cells_charts_delete_worksheet_delete_chart" time="1.128" timestamp="2021-05-19T02:06:17" file="test\test_cells_charts_api.py" line="93">
		<!--
        Test case for cells_charts_delete_worksheet_delete_chart

        Delete worksheet chart by index.
        -->
	</testcase>
	<testcase classname="test.test_cells_charts_api.TestCellsChartsApi" name="test_cells_charts_get_worksheet_chart" time="0.830" timestamp="2021-05-19T02:06:18" file="test\test_cells_charts_api.py" line="109">
		<!--
        Test case for cells_charts_get_worksheet_chart

        Get chart info.
        -->
	</testcase>
	<testcase classname="test.test_cells_charts_api.TestCellsChartsApi" name="test_cells_charts_get_worksheet_chart_legend" time="0.533" timestamp="2021-05-19T02:06:19" file="test\test_cells_charts_api.py" line="126">
		<!--
        Test case for cells_charts_get_worksheet_chart_legend

        Get chart legend
        -->
	</testcase>
	<testcase classname="test.test_cells_charts_api.TestCellsChartsApi" name="test_cells_charts_get_worksheet_chart_title" time="0.472" timestamp="2021-05-19T02:06:19" file="test\test_cells_charts_api.py" line="142">
		<!--
        Test case for cells_charts_get_worksheet_chart_title

        Get chart title
        -->
	</testcase>
	<testcase classname="test.test_cells_charts_api.TestCellsChartsApi" name="test_cells_charts_get_worksheet_charts" time="0.538" timestamp="2021-05-19T02:06:20" file="test\test_cells_charts_api.py" line="158">
		<!--
        Test case for cells_charts_get_worksheet_charts

        Get worksheet charts info.
        -->
	</testcase>
	<testcase classname="test.test_cells_charts_api.TestCellsChartsApi" name="test_cells_charts_post_worksheet_chart" time="1.315" timestamp="2021-05-19T02:06:21" file="test\test_cells_charts_api.py" line="174">
		<!--
        Test case for cells_charts_post_worksheet_chart

        Update chart propreties
        -->
	</testcase>
	<testcase classname="test.test_cells_charts_api.TestCellsChartsApi" name="test_cells_charts_post_worksheet_chart_legend" time="1.162" timestamp="2021-05-19T02:06:22" file="test\test_cells_charts_api.py" line="192">
		<!--
        Test case for cells_charts_post_worksheet_chart_legend

        Update chart legend
        -->
	</testcase>
	<testcase classname="test.test_cells_charts_api.TestCellsChartsApi" name="test_cells_charts_post_worksheet_chart_title" time="1.147" timestamp="2021-05-19T02:06:23" file="test\test_cells_charts_api.py" line="210">
		<!--
        Test case for cells_charts_post_worksheet_chart_title

        Update chart title
        -->
	</testcase>
	<testcase classname="test.test_cells_charts_api.TestCellsChartsApi" name="test_cells_charts_put_worksheet_add_chart" time="1.125" timestamp="2021-05-19T02:06:24" file="test\test_cells_charts_api.py" line="228">
		<!--
        Test case for cells_charts_put_worksheet_add_chart

        Add new chart to worksheet.
        -->
	</testcase>
	<testcase classname="test.test_cells_charts_api.TestCellsChartsApi" name="test_cells_charts_put_worksheet_chart_legend" time="1.243" timestamp="2021-05-19T02:06:26" file="test\test_cells_charts_api.py" line="253">
		<!--
        Test case for cells_charts_put_worksheet_chart_legend

        Show legend in chart
        -->
	</testcase>
	<testcase classname="test.test_cells_charts_api.TestCellsChartsApi" name="test_cells_charts_put_worksheet_chart_title" time="1.297" timestamp="2021-05-19T02:06:27" file="test\test_cells_charts_api.py" line="269">
		<!--
        Test case for cells_charts_put_worksheet_chart_title

        Add chart title / Set chart title visible
        -->
	</testcase>
</testsuite>
