<?xml version="1.0" encoding="UTF-8"?>
<testsuite name="test.test_cells_ole_objects_api.TestCellsOleObjectsApi-20210519020521" tests="7" file="test/test_cells_ole_objects_api.py" time="6.729" timestamp="2021-05-19T02:06:54" failures="0" errors="0" skipped="0">
	<testcase classname="test.test_cells_ole_objects_api.TestCellsOleObjectsApi" name="test_cells_ole_objects_delete_worksheet_ole_object" time="1.085" timestamp="2021-05-19T02:06:49" file="test\test_cells_ole_objects_api.py" line="43">
		<!--
        Test case for cells_ole_objects_delete_worksheet_ole_object

        Delete OLE object.
        -->
	</testcase>
	<testcase classname="test.test_cells_ole_objects_api.TestCellsOleObjectsApi" name="test_cells_ole_objects_delete_worksheet_ole_objects" time="1.560" timestamp="2021-05-19T02:06:50" file="test\test_cells_ole_objects_api.py" line="59">
		<!--
        Test case for cells_ole_objects_delete_worksheet_ole_objects

        Delete all OLE objects.
        -->
	</testcase>
	<testcase classname="test.test_cells_ole_objects_api.TestCellsOleObjectsApi" name="test_cells_ole_objects_get_worksheet_ole_object" time="0.392" timestamp="2021-05-19T02:06:51" file="test\test_cells_ole_objects_api.py" line="75">
		<!--
        Test case for cells_ole_objects_get_worksheet_ole_object

        Get OLE object info.
        -->
	</testcase>
	<testcase classname="test.test_cells_ole_objects_api.TestCellsOleObjectsApi" name="test_cells_ole_objects_get_worksheet_ole_object_format" time="1.033" timestamp="2021-05-19T02:06:52" file="test\test_cells_ole_objects_api.py" line="91">
		<!--
        Test case for cells_ole_objects_get_worksheet_ole_object_format

        Get OLE object info.
        -->
	</testcase>
	<testcase classname="test.test_cells_ole_objects_api.TestCellsOleObjectsApi" name="test_cells_ole_objects_get_worksheet_ole_objects" time="0.417" timestamp="2021-05-19T02:06:52" file="test\test_cells_ole_objects_api.py" line="107">
		<!--
        Test case for cells_ole_objects_get_worksheet_ole_objects

        Get worksheet OLE objects info.
        -->
	</testcase>
	<testcase classname="test.test_cells_ole_objects_api.TestCellsOleObjectsApi" name="test_cells_ole_objects_post_update_worksheet_ole_object" time="0.888" timestamp="2021-05-19T02:06:53" file="test\test_cells_ole_objects_api.py" line="123">
		<!--
        Test case for cells_ole_objects_post_update_worksheet_ole_object

        Update OLE object.
        -->
	</testcase>
	<testcase classname="test.test_cells_ole_objects_api.TestCellsOleObjectsApi" name="test_cells_ole_objects_put_worksheet_ole_object" time="1.354" timestamp="2021-05-19T02:06:54" file="test\test_cells_ole_objects_api.py" line="144">
		<!--
        Test case for cells_ole_objects_put_worksheet_ole_object

        Add OLE object
        -->
	</testcase>
</testsuite>
