<?xml version="1.0" encoding="UTF-8"?>
<testsuite name="test.test_cells_shapes_api.TestCellsShapesApi-20210519020521" tests="6" file="test/test_cells_shapes_api.py" time="3.673" timestamp="2021-05-19T02:07:54" failures="0" errors="0" skipped="0">
	<testcase classname="test.test_cells_shapes_api.TestCellsShapesApi" name="test_cells_shapes_delete_worksheet_shape" time="0.914" timestamp="2021-05-19T02:07:51" file="test\test_cells_shapes_api.py" line="43">
		<!--
        Test case for cells_shapes_delete_worksheet_shape

        Delete a shape in worksheet
        -->
	</testcase>
	<testcase classname="test.test_cells_shapes_api.TestCellsShapesApi" name="test_cells_shapes_delete_worksheet_shapes" time="0.848" timestamp="2021-05-19T02:07:52" file="test\test_cells_shapes_api.py" line="59">
		<!--
        Test case for cells_shapes_delete_worksheet_shapes

        delete all shapes in worksheet
        -->
	</testcase>
	<testcase classname="test.test_cells_shapes_api.TestCellsShapesApi" name="test_cells_shapes_get_worksheet_shape" time="0.328" timestamp="2021-05-19T02:07:52" file="test\test_cells_shapes_api.py" line="75">
		<!--
        Test case for cells_shapes_get_worksheet_shape

        Get worksheet shape
        -->
	</testcase>
	<testcase classname="test.test_cells_shapes_api.TestCellsShapesApi" name="test_cells_shapes_get_worksheet_shapes" time="0.283" timestamp="2021-05-19T02:07:52" file="test\test_cells_shapes_api.py" line="91">
		<!--
        Test case for cells_shapes_get_worksheet_shapes

        Get worksheet shapes 
        -->
	</testcase>
	<testcase classname="test.test_cells_shapes_api.TestCellsShapesApi" name="test_cells_shapes_post_worksheet_shape" time="0.658" timestamp="2021-05-19T02:07:53" file="test\test_cells_shapes_api.py" line="107">
		<!--
        Test case for cells_shapes_post_worksheet_shape

        Update a shape in worksheet
        -->
	</testcase>
	<testcase classname="test.test_cells_shapes_api.TestCellsShapesApi" name="test_cells_shapes_put_worksheet_shape" time="0.643" timestamp="2021-05-19T02:07:54" file="test\test_cells_shapes_api.py" line="125">
		<!--
        Test case for cells_shapes_put_worksheet_shape

        Add shape in worksheet
        -->
	</testcase>
</testsuite>
