<?xml version="1.0" encoding="UTF-8"?>
<testsuite name="test.test_cells_page_breaks_api.TestCellsPageBreaksApi-20210519020521" tests="10" file="test/test_cells_page_breaks_api.py" time="6.978" timestamp="2021-05-19T02:07:01" failures="0" errors="0" skipped="0">
	<testcase classname="test.test_cells_page_breaks_api.TestCellsPageBreaksApi" name="test_cells_page_breaks_delete_horizontal_page_break" time="0.999" timestamp="2021-05-19T02:06:55" file="test\test_cells_page_breaks_api.py" line="42">
		<!--
        Test case for cells_page_breaks_delete_horizontal_page_break

        
        -->
	</testcase>
	<testcase classname="test.test_cells_page_breaks_api.TestCellsPageBreaksApi" name="test_cells_page_breaks_delete_horizontal_page_breaks" time="0.767" timestamp="2021-05-19T02:06:56" file="test\test_cells_page_breaks_api.py" line="58">
		<!--
        Test case for cells_page_breaks_delete_horizontal_page_breaks

        
        -->
	</testcase>
	<testcase classname="test.test_cells_page_breaks_api.TestCellsPageBreaksApi" name="test_cells_page_breaks_delete_vertical_page_break" time="0.809" timestamp="2021-05-19T02:06:57" file="test\test_cells_page_breaks_api.py" line="74">
		<!--
        Test case for cells_page_breaks_delete_vertical_page_break

        
        -->
	</testcase>
	<testcase classname="test.test_cells_page_breaks_api.TestCellsPageBreaksApi" name="test_cells_page_breaks_delete_vertical_page_breaks" time="0.911" timestamp="2021-05-19T02:06:58" file="test\test_cells_page_breaks_api.py" line="90">
		<!--
        Test case for cells_page_breaks_delete_vertical_page_breaks

        
        -->
	</testcase>
	<testcase classname="test.test_cells_page_breaks_api.TestCellsPageBreaksApi" name="test_cells_page_breaks_get_horizontal_page_break" time="0.475" timestamp="2021-05-19T02:06:58" file="test\test_cells_page_breaks_api.py" line="106">
		<!--
        Test case for cells_page_breaks_get_horizontal_page_break

        
        -->
	</testcase>
	<testcase classname="test.test_cells_page_breaks_api.TestCellsPageBreaksApi" name="test_cells_page_breaks_get_horizontal_page_breaks" time="0.361" timestamp="2021-05-19T02:06:59" file="test\test_cells_page_breaks_api.py" line="122">
		<!--
        Test case for cells_page_breaks_get_horizontal_page_breaks

        
        -->
	</testcase>
	<testcase classname="test.test_cells_page_breaks_api.TestCellsPageBreaksApi" name="test_cells_page_breaks_get_vertical_page_break" time="0.344" timestamp="2021-05-19T02:06:59" file="test\test_cells_page_breaks_api.py" line="137">
		<!--
        Test case for cells_page_breaks_get_vertical_page_break

        
        -->
	</testcase>
	<testcase classname="test.test_cells_page_breaks_api.TestCellsPageBreaksApi" name="test_cells_page_breaks_get_vertical_page_breaks" time="0.760" timestamp="2021-05-19T02:07:00" file="test\test_cells_page_breaks_api.py" line="153">
		<!--
        Test case for cells_page_breaks_get_vertical_page_breaks

        
        -->
	</testcase>
	<testcase classname="test.test_cells_page_breaks_api.TestCellsPageBreaksApi" name="test_cells_page_breaks_put_horizontal_page_break" time="0.753" timestamp="2021-05-19T02:07:00" file="test\test_cells_page_breaks_api.py" line="169">
		<!--
        Test case for cells_page_breaks_put_horizontal_page_break

        
        -->
	</testcase>
	<testcase classname="test.test_cells_page_breaks_api.TestCellsPageBreaksApi" name="test_cells_page_breaks_put_vertical_page_break" time="0.799" timestamp="2021-05-19T02:07:01" file="test\test_cells_page_breaks_api.py" line="189">
		<!--
        Test case for cells_page_breaks_put_vertical_page_break

        
        -->
	</testcase>
</testsuite>
